* installing *source* package ‘LinkOrgs’ ...
** this is package ‘LinkOrgs’ version ‘0.01’
** using staged installation
** R
** inst
** byte-compile and prepare package for lazy loading
Warning: replacing previous import ‘Rfast::transpose’ by ‘data.table::transpose’ when loading ‘LinkOrgs’
Warning: replacing previous import ‘plyr::mutate’ by ‘dplyr::mutate’ when loading ‘LinkOrgs’
** help
*** installing help indices
** building package indices
** installing vignettes
** testing if installed package can be loaded from temporary location
Warning: replacing previous import ‘Rfast::transpose’ by ‘data.table::transpose’ when loading ‘LinkOrgs’
Warning: replacing previous import ‘plyr::mutate’ by ‘dplyr::mutate’ when loading ‘LinkOrgs’
** testing if installed package can be loaded from final location
Warning: replacing previous import ‘Rfast::transpose’ by ‘data.table::transpose’ when loading ‘LinkOrgs’
Warning: replacing previous import ‘plyr::mutate’ by ‘dplyr::mutate’ when loading ‘LinkOrgs’
** testing if installed package keeps a record of temporary installation path
* DONE (LinkOrgs)
