Hmm ... looks like a package
Converting parsed Rd's to LaTeX .
Creating pdf output from LaTeX ...

This is pdfTeX, Version 3.141592653-2.6-1.40.26 (TeX Live 2024) (preloaded format=pdflatex)
 restricted \write18 enabled.
entering extended mode
LaTeX2e <2023-11-01> patch level 1
L3 programming layer <2024-02-20>
(./Rd2.tex
(/usr/local/texlive/2024/texmf-dist/tex/latex/base/book.cls
Document Class: book 2023/05/17 v1.4n Standard LaTeX document class
(/usr/local/texlive/2024/texmf-dist/tex/latex/base/bk10.clo))
(/Library/Frameworks/R.framework/Resources/share/texmf/tex/latex/Rd.sty
(/usr/local/texlive/2024/texmf-dist/tex/latex/base/ifthen.sty)
(/usr/local/texlive/2024/texmf-dist/tex/generic/iftex/iftex.sty)
(/usr/local/texlive/2024/texmf-dist/tex/latex/tools/longtable.sty)
(/usr/local/texlive/2024/texmf-dist/tex/latex/tools/bm.sty)
(/usr/local/texlive/2024/texmf-dist/tex/latex/base/alltt.sty)
(/usr/local/texlive/2024/texmf-dist/tex/latex/tools/verbatim.sty)
(/usr/local/texlive/2024/texmf-dist/tex/latex/url/url.sty)
(/usr/local/texlive/2024/texmf-dist/tex/latex/base/textcomp.sty)
(/usr/local/texlive/2024/texmf-dist/tex/latex/amsmath/amsmath.sty
For additional information on amsmath, use the `?' option.
(/usr/local/texlive/2024/texmf-dist/tex/latex/amsmath/amstext.sty
(/usr/local/texlive/2024/texmf-dist/tex/latex/amsmath/amsgen.sty))
(/usr/local/texlive/2024/texmf-dist/tex/latex/amsmath/amsbsy.sty)
(/usr/local/texlive/2024/texmf-dist/tex/latex/amsmath/amsopn.sty))
(/usr/local/texlive/2024/texmf-dist/tex/latex/amsfonts/amsfonts.sty)
(/usr/local/texlive/2024/texmf-dist/tex/latex/amsfonts/amssymb.sty)
(/usr/local/texlive/2024/texmf-dist/tex/latex/jknapltx/mathrsfs.sty)
(/usr/local/texlive/2024/texmf-dist/tex/latex/base/fontenc.sty)
(/usr/local/texlive/2024/texmf-dist/tex/latex/psnfss/times.sty)
(/usr/local/texlive/2024/texmf-dist/tex/latex/inconsolata/zi4.sty
`inconsolata-zi4' v1.12, 2019/05/17 Text macros for Inconsolata (msharpe)
(/usr/local/texlive/2024/texmf-dist/tex/latex/xkeyval/xkeyval.sty
(/usr/local/texlive/2024/texmf-dist/tex/generic/xkeyval/xkeyval.tex
(/usr/local/texlive/2024/texmf-dist/tex/generic/xkeyval/xkvutils.tex
(/usr/local/texlive/2024/texmf-dist/tex/generic/xkeyval/keyval.tex)))))
(/usr/local/texlive/2024/texmf-dist/tex/latex/graphics/color.sty
(/usr/local/texlive/2024/texmf-dist/tex/latex/graphics-cfg/color.cfg)
(/usr/local/texlive/2024/texmf-dist/tex/latex/graphics-def/pdftex.def)
(/usr/local/texlive/2024/texmf-dist/tex/latex/graphics/mathcolor.ltx))
(/usr/local/texlive/2024/texmf-dist/tex/latex/hyperref/hyperref.sty
(/usr/local/texlive/2024/texmf-dist/tex/latex/kvsetkeys/kvsetkeys.sty)
(/usr/local/texlive/2024/texmf-dist/tex/generic/kvdefinekeys/kvdefinekeys.sty)
(/usr/local/texlive/2024/texmf-dist/tex/generic/pdfescape/pdfescape.sty
(/usr/local/texlive/2024/texmf-dist/tex/generic/ltxcmds/ltxcmds.sty)
(/usr/local/texlive/2024/texmf-dist/tex/generic/pdftexcmds/pdftexcmds.sty
(/usr/local/texlive/2024/texmf-dist/tex/generic/infwarerr/infwarerr.sty)))
(/usr/local/texlive/2024/texmf-dist/tex/latex/hycolor/hycolor.sty)
(/usr/local/texlive/2024/texmf-dist/tex/latex/auxhook/auxhook.sty)
(/usr/local/texlive/2024/texmf-dist/tex/latex/hyperref/nameref.sty
(/usr/local/texlive/2024/texmf-dist/tex/latex/refcount/refcount.sty)
(/usr/local/texlive/2024/texmf-dist/tex/generic/gettitlestring/gettitlestring.s
ty (/usr/local/texlive/2024/texmf-dist/tex/latex/kvoptions/kvoptions.sty)))
(/usr/local/texlive/2024/texmf-dist/tex/latex/etoolbox/etoolbox.sty)
(/usr/local/texlive/2024/texmf-dist/tex/latex/hyperref/pd1enc.def)
(/usr/local/texlive/2024/texmf-dist/tex/generic/intcalc/intcalc.sty)
(/usr/local/texlive/2024/texmf-dist/tex/latex/hyperref/puenc.def)
(/usr/local/texlive/2024/texmf-dist/tex/generic/bitset/bitset.sty
(/usr/local/texlive/2024/texmf-dist/tex/generic/bigintcalc/bigintcalc.sty))
(/usr/local/texlive/2024/texmf-dist/tex/latex/base/atbegshi-ltx.sty))
(/usr/local/texlive/2024/texmf-dist/tex/latex/hyperref/hpdftex.def
(/usr/local/texlive/2024/texmf-dist/tex/latex/base/atveryend-ltx.sty)
(/usr/local/texlive/2024/texmf-dist/tex/latex/rerunfilecheck/rerunfilecheck.sty

(/usr/local/texlive/2024/texmf-dist/tex/generic/uniquecounter/uniquecounter.sty
)))) (/usr/local/texlive/2024/texmf-dist/tex/latex/base/makeidx.sty)
Writing index file Rd2.idx
(/usr/local/texlive/2024/texmf-dist/tex/latex/psnfss/t1ptm.fd)
(/usr/local/texlive/2024/texmf-dist/tex/latex/l3backend/l3backend-pdftex.def)
No file Rd2.aux.
(/usr/local/texlive/2024/texmf-dist/tex/context/base/mkii/supp-pdf.mkii
[Loading MPS to PDF converter (version 2006.09.02).]
) (/usr/local/texlive/2024/texmf-dist/tex/latex/inconsolata/t1zi4.fd)
(/usr/local/texlive/2024/texmf-dist/tex/latex/amsfonts/umsa.fd)
(/usr/local/texlive/2024/texmf-dist/tex/latex/amsfonts/umsb.fd)
(/usr/local/texlive/2024/texmf-dist/tex/latex/jknapltx/ursfs.fd)
No file Rd2.toc.
[1{/usr/local/texlive/2024/texmf-var/fonts/map/pdftex/updmap/pdftex.map}{/usr/l
ocal/texlive/2024/texmf-dist/fonts/enc/dvips/base/8r.enc}{/usr/local/texlive/20
24/texmf-dist/fonts/enc/dvips/inconsolata/i4-t1-0.enc}]
Overfull \hbox (10.34749pt too wide) in paragraph at lines 70--72
[]\T1/ptm/m/n/10 Data frame con-tain-ing the ground-truth (ref-er-ence) matches
. Must con-tain columns
[2]
Overfull \hbox (28.02806pt too wide) in paragraph at lines 138--140
[]\T1/ptm/m/n/10 Character string; name of the conda en-vi-ron-ment to cre-ate.
 De-fault is []\T1/zi4/m/n/10 "LinkOrgs_env"[]\T1/ptm/m/n/10 . 
(/usr/local/texlive/2024/texmf-dist/tex/latex/psnfss/ts1ptm.fd) [3]
Overfull \hbox (74.37784pt too wide) in paragraph at lines 198--200
[]\T1/ptm/m/n/10 Converts a Drop-box share link to a di-rect down-load URL by r
e-plac-ing the do-main with []\T1/zi4/m/n/10 dl.dropboxusercontent.com[]\T1/ptm
/m/n/10 . 

Overfull \hbox (16.45883pt too wide) in paragraph at lines 210--212
[]\T1/ptm/m/n/10 Character string; a Drop-box share URL (e.g., []\T1/zi4/m/n/10
 "https://www.dropbox.com/s/..."
[4]
Overfull \hbox (18.10841pt too wide) in paragraph at lines 288--290
[]\T1/ptm/m/n/10 The q-gram size for string dis-tance cal-cu-la-tion. Only used
 when []\T1/zi4/m/n/10 mode = "discrete"[]\T1/ptm/m/n/10 .

Overfull \hbox (20.3382pt too wide) in paragraph at lines 295--297
[]\T1/ptm/m/n/10 Number of CPU cores for par-al-lel com-pu-ta-tion. Only used w
hen []\T1/zi4/m/n/10 mode = "discrete"[]\T1/ptm/m/n/10 .
[5] [6]
Overfull \hbox (12.01878pt too wide) in paragraph at lines 355--358
[]\T1/zi4/m/n/10 x []\T1/ptm/m/n/10 and []\T1/zi4/m/n/10 y[]\T1/ptm/m/n/10 . Th
e merg-ing vari-ables should be or-ga-ni-za-tional names. See []\T1/zi4/m/n/10 
?base::merge
(/usr/local/texlive/2024/texmf-dist/tex/latex/inconsolata/ts1zi4.fd)
Overfull \hbox (70.7878pt too wide) in paragraph at lines 393--395
[]\T1/ptm/m/n/10 Numeric; max-i-mum al-lowed dis-tance be-tween two matched str
ings. If []\T1/zi4/m/n/10 AveMatchNumberPerAlias

Overfull \hbox (73.24963pt too wide) in paragraph at lines 406--409
[]\T1/zi4/m/n/10 "osa"[]\T1/ptm/m/n/10 , []\T1/zi4/m/n/10 "jaccard"[]\T1/ptm/m/
n/10 , []\T1/zi4/m/n/10 "jw"[]\T1/ptm/m/n/10 , or []\T1/zi4/m/n/10 "ml" []\T1/p
tm/m/n/10 for embedding-based dis-tance. See []\T1/zi4/m/n/10 ?stringdist::stri
ngdist
[7{/usr/local/texlive/2024/texmf-dist/fonts/enc/dvips/inconsolata/i4-ts1.enc}]
Overfull \hbox (12.54887pt too wide) in paragraph at lines 449--451
[]\T1/ptm/m/n/10 To use com-bined ma-chine learn-ing and net-work meth-ods, set
 []\T1/zi4/m/n/10 algorithm []\T1/ptm/m/n/10 to []\T1/zi4/m/n/10 "bipartite" []
\T1/ptm/m/n/10 or []\T1/zi4/m/n/10 "markov"[]\T1/ptm/m/n/10 ,
[8] [9]
Overfull \hbox (48.0991pt too wide) in paragraph at lines 577--579
[][][]\T1/zi4/m/n/10 pFuzzyMatch_discrete()[][][] []\T1/ptm/m/n/10 for the high
er-level wrap-per that re-turns merged data, [][][]\T1/zi4/m/n/10 stringdist::s
tringdist()[][][]
[10]
Overfull \hbox (22.24696pt too wide) in paragraph at lines 661--663
[]\T1/ptm/m/n/10 Numeric; the Eu-clidean dis-tance be-tween the matched pair's 
em-bed-dings (named []\T1/zi4/m/n/10 stringdist
[11]
Overfull \hbox (38.0991pt too wide) in paragraph at lines 670--672
[][][]\T1/zi4/m/n/10 pFuzzyMatch_euclidean()[][][] []\T1/ptm/m/n/10 for the hig
her-level wrap-per that re-turns merged data, [][][]\T1/zi4/m/n/10 pDistMatch_d
iscrete()[][][]
[12] [13]
Overfull \hbox (40.30823pt too wide) in paragraph at lines 826--829
\T1/ptm/m/n/10 Pairs with dis-tances greater than this thresh-old are ex-cluded
. If []\T1/zi4/m/n/10 AveMatchNumberPerAlias

Overfull \hbox (15.10895pt too wide) in paragraph at lines 838--841
[]\T1/ptm/m/n/10 This func-tion is typ-i-cally used in-ter-nally by [][][]\T1/z
i4/m/n/10 LinkOrgs()[][][] []\T1/ptm/m/n/10 when []\T1/zi4/m/n/10 algorithm = "
ml" []\T1/ptm/m/n/10 or []\T1/zi4/m/n/10 DistanceMeasure
[14] [15]
No file Rd2.ind.
[16]
(/private/var/folders/gv/l5wlstr55gl_g0pgx6k47z9m0000gn/T/RtmpzwsEUx/Rd2pdf2de0
eacbdaf/Rd2.aux)

Package rerunfilecheck Warning: File `Rd2.out' has changed.
(rerunfilecheck)                Rerun to get outlines right
(rerunfilecheck)                or use package `bookmark'.

 )
(see the transcript file for additional information)
pdfTeX warning (dest): name{Rfn.data.table::fread\(\)} has been referenced but 
does not exist, replaced by a fixed one


pdfTeX warning (dest): name{Rfn.stringdist::stringdist\(\)} has been referenced
 but does not exist, replaced by a fixed one

</usr/local/texlive/2024/texmf-dist/fonts/type1/public/inconsolata/Inconsolata-
zi4r.pfb></usr/local/texlive/2024/texmf-dist/fonts/type1/urw/times/utmb8a.pfb><
/usr/local/texlive/2024/texmf-dist/fonts/type1/urw/times/utmr8a.pfb></usr/local
/texlive/2024/texmf-dist/fonts/type1/urw/times/utmr8a.pfb></usr/local/texlive/2
024/texmf-dist/fonts/type1/urw/times/utmri8a.pfb>
Output written on Rd2.pdf (16 pages, 118042 bytes).
Transcript written on Rd2.log.
This is makeindex, version 2.17 [TeX Live 2024] (kpathsea + Thai support).
Scanning input file Rd2.idx....done (34 entries accepted, 0 rejected).
Sorting entries....done (203 comparisons).
Generating output file Rd2.ind....done (55 lines written, 0 warnings).
Output written in Rd2.ind.
Transcript written in Rd2.ilg.
This is pdfTeX, Version 3.141592653-2.6-1.40.26 (TeX Live 2024) (preloaded format=pdflatex)
 restricted \write18 enabled.
entering extended mode
LaTeX2e <2023-11-01> patch level 1
L3 programming layer <2024-02-20>
(./Rd2.tex
(/usr/local/texlive/2024/texmf-dist/tex/latex/base/book.cls
Document Class: book 2023/05/17 v1.4n Standard LaTeX document class
(/usr/local/texlive/2024/texmf-dist/tex/latex/base/bk10.clo))
(/Library/Frameworks/R.framework/Resources/share/texmf/tex/latex/Rd.sty
(/usr/local/texlive/2024/texmf-dist/tex/latex/base/ifthen.sty)
(/usr/local/texlive/2024/texmf-dist/tex/generic/iftex/iftex.sty)
(/usr/local/texlive/2024/texmf-dist/tex/latex/tools/longtable.sty)
(/usr/local/texlive/2024/texmf-dist/tex/latex/tools/bm.sty)
(/usr/local/texlive/2024/texmf-dist/tex/latex/base/alltt.sty)
(/usr/local/texlive/2024/texmf-dist/tex/latex/tools/verbatim.sty)
(/usr/local/texlive/2024/texmf-dist/tex/latex/url/url.sty)
(/usr/local/texlive/2024/texmf-dist/tex/latex/base/textcomp.sty)
(/usr/local/texlive/2024/texmf-dist/tex/latex/amsmath/amsmath.sty
For additional information on amsmath, use the `?' option.
(/usr/local/texlive/2024/texmf-dist/tex/latex/amsmath/amstext.sty
(/usr/local/texlive/2024/texmf-dist/tex/latex/amsmath/amsgen.sty))
(/usr/local/texlive/2024/texmf-dist/tex/latex/amsmath/amsbsy.sty)
(/usr/local/texlive/2024/texmf-dist/tex/latex/amsmath/amsopn.sty))
(/usr/local/texlive/2024/texmf-dist/tex/latex/amsfonts/amsfonts.sty)
(/usr/local/texlive/2024/texmf-dist/tex/latex/amsfonts/amssymb.sty)
(/usr/local/texlive/2024/texmf-dist/tex/latex/jknapltx/mathrsfs.sty)
(/usr/local/texlive/2024/texmf-dist/tex/latex/base/fontenc.sty)
(/usr/local/texlive/2024/texmf-dist/tex/latex/psnfss/times.sty)
(/usr/local/texlive/2024/texmf-dist/tex/latex/inconsolata/zi4.sty
`inconsolata-zi4' v1.12, 2019/05/17 Text macros for Inconsolata (msharpe)
(/usr/local/texlive/2024/texmf-dist/tex/latex/xkeyval/xkeyval.sty
(/usr/local/texlive/2024/texmf-dist/tex/generic/xkeyval/xkeyval.tex
(/usr/local/texlive/2024/texmf-dist/tex/generic/xkeyval/xkvutils.tex
(/usr/local/texlive/2024/texmf-dist/tex/generic/xkeyval/keyval.tex)))))
(/usr/local/texlive/2024/texmf-dist/tex/latex/graphics/color.sty
(/usr/local/texlive/2024/texmf-dist/tex/latex/graphics-cfg/color.cfg)
(/usr/local/texlive/2024/texmf-dist/tex/latex/graphics-def/pdftex.def)
(/usr/local/texlive/2024/texmf-dist/tex/latex/graphics/mathcolor.ltx))
(/usr/local/texlive/2024/texmf-dist/tex/latex/hyperref/hyperref.sty
(/usr/local/texlive/2024/texmf-dist/tex/latex/kvsetkeys/kvsetkeys.sty)
(/usr/local/texlive/2024/texmf-dist/tex/generic/kvdefinekeys/kvdefinekeys.sty)
(/usr/local/texlive/2024/texmf-dist/tex/generic/pdfescape/pdfescape.sty
(/usr/local/texlive/2024/texmf-dist/tex/generic/ltxcmds/ltxcmds.sty)
(/usr/local/texlive/2024/texmf-dist/tex/generic/pdftexcmds/pdftexcmds.sty
(/usr/local/texlive/2024/texmf-dist/tex/generic/infwarerr/infwarerr.sty)))
(/usr/local/texlive/2024/texmf-dist/tex/latex/hycolor/hycolor.sty)
(/usr/local/texlive/2024/texmf-dist/tex/latex/auxhook/auxhook.sty)
(/usr/local/texlive/2024/texmf-dist/tex/latex/hyperref/nameref.sty
(/usr/local/texlive/2024/texmf-dist/tex/latex/refcount/refcount.sty)
(/usr/local/texlive/2024/texmf-dist/tex/generic/gettitlestring/gettitlestring.s
ty (/usr/local/texlive/2024/texmf-dist/tex/latex/kvoptions/kvoptions.sty)))
(/usr/local/texlive/2024/texmf-dist/tex/latex/etoolbox/etoolbox.sty)
(/usr/local/texlive/2024/texmf-dist/tex/latex/hyperref/pd1enc.def)
(/usr/local/texlive/2024/texmf-dist/tex/generic/intcalc/intcalc.sty)
(/usr/local/texlive/2024/texmf-dist/tex/latex/hyperref/puenc.def)
(/usr/local/texlive/2024/texmf-dist/tex/generic/bitset/bitset.sty
(/usr/local/texlive/2024/texmf-dist/tex/generic/bigintcalc/bigintcalc.sty))
(/usr/local/texlive/2024/texmf-dist/tex/latex/base/atbegshi-ltx.sty))
(/usr/local/texlive/2024/texmf-dist/tex/latex/hyperref/hpdftex.def
(/usr/local/texlive/2024/texmf-dist/tex/latex/base/atveryend-ltx.sty)
(/usr/local/texlive/2024/texmf-dist/tex/latex/rerunfilecheck/rerunfilecheck.sty

(/usr/local/texlive/2024/texmf-dist/tex/generic/uniquecounter/uniquecounter.sty
)))) (/usr/local/texlive/2024/texmf-dist/tex/latex/base/makeidx.sty)
Writing index file Rd2.idx
(/usr/local/texlive/2024/texmf-dist/tex/latex/psnfss/t1ptm.fd)
(/usr/local/texlive/2024/texmf-dist/tex/latex/l3backend/l3backend-pdftex.def)
(/private/var/folders/gv/l5wlstr55gl_g0pgx6k47z9m0000gn/T/RtmpzwsEUx/Rd2pdf2de0
eacbdaf/Rd2.aux)
(/usr/local/texlive/2024/texmf-dist/tex/context/base/mkii/supp-pdf.mkii
[Loading MPS to PDF converter (version 2006.09.02).]
)
(/private/var/folders/gv/l5wlstr55gl_g0pgx6k47z9m0000gn/T/RtmpzwsEUx/Rd2pdf2de0
eacbdaf/Rd2.out)
(/private/var/folders/gv/l5wlstr55gl_g0pgx6k47z9m0000gn/T/RtmpzwsEUx/Rd2pdf2de0
eacbdaf/Rd2.out)
(/usr/local/texlive/2024/texmf-dist/tex/latex/inconsolata/t1zi4.fd)
(/usr/local/texlive/2024/texmf-dist/tex/latex/amsfonts/umsa.fd)
(/usr/local/texlive/2024/texmf-dist/tex/latex/amsfonts/umsb.fd)
(/usr/local/texlive/2024/texmf-dist/tex/latex/jknapltx/ursfs.fd)
(/private/var/folders/gv/l5wlstr55gl_g0pgx6k47z9m0000gn/T/RtmpzwsEUx/Rd2pdf2de0
eacbdaf/Rd2.toc) [1{/usr/local/texlive/2024/texmf-var/fonts/map/pdftex/updmap/p
dftex.map}{/usr/local/texlive/2024/texmf-dist/fonts/enc/dvips/base/8r.enc}{/usr
/local/texlive/2024/texmf-dist/fonts/enc/dvips/inconsolata/i4-t1-0.enc}]
Overfull \hbox (10.34749pt too wide) in paragraph at lines 70--72
[]\T1/ptm/m/n/10 Data frame con-tain-ing the ground-truth (ref-er-ence) matches
. Must con-tain columns
[2]
Overfull \hbox (28.02806pt too wide) in paragraph at lines 138--140
[]\T1/ptm/m/n/10 Character string; name of the conda en-vi-ron-ment to cre-ate.
 De-fault is []\T1/zi4/m/n/10 "LinkOrgs_env"[]\T1/ptm/m/n/10 . 
(/usr/local/texlive/2024/texmf-dist/tex/latex/psnfss/ts1ptm.fd) [3]
Overfull \hbox (74.37784pt too wide) in paragraph at lines 198--200
[]\T1/ptm/m/n/10 Converts a Drop-box share link to a di-rect down-load URL by r
e-plac-ing the do-main with []\T1/zi4/m/n/10 dl.dropboxusercontent.com[]\T1/ptm
/m/n/10 . 

Overfull \hbox (16.45883pt too wide) in paragraph at lines 210--212
[]\T1/ptm/m/n/10 Character string; a Drop-box share URL (e.g., []\T1/zi4/m/n/10
 "https://www.dropbox.com/s/..."
[4] [5]
Overfull \hbox (18.10841pt too wide) in paragraph at lines 288--290
[]\T1/ptm/m/n/10 The q-gram size for string dis-tance cal-cu-la-tion. Only used
 when []\T1/zi4/m/n/10 mode = "discrete"[]\T1/ptm/m/n/10 .

Overfull \hbox (20.3382pt too wide) in paragraph at lines 295--297
[]\T1/ptm/m/n/10 Number of CPU cores for par-al-lel com-pu-ta-tion. Only used w
hen []\T1/zi4/m/n/10 mode = "discrete"[]\T1/ptm/m/n/10 .
[6]
Overfull \hbox (12.01878pt too wide) in paragraph at lines 355--358
[]\T1/zi4/m/n/10 x []\T1/ptm/m/n/10 and []\T1/zi4/m/n/10 y[]\T1/ptm/m/n/10 . Th
e merg-ing vari-ables should be or-ga-ni-za-tional names. See []\T1/zi4/m/n/10 
?base::merge
(/usr/local/texlive/2024/texmf-dist/tex/latex/inconsolata/ts1zi4.fd)
Overfull \hbox (70.7878pt too wide) in paragraph at lines 393--395
[]\T1/ptm/m/n/10 Numeric; max-i-mum al-lowed dis-tance be-tween two matched str
ings. If []\T1/zi4/m/n/10 AveMatchNumberPerAlias
[7{/usr/local/texlive/2024/texmf-dist/fonts/enc/dvips/inconsolata/i4-ts1.enc}]
Overfull \hbox (73.24963pt too wide) in paragraph at lines 406--409
[]\T1/zi4/m/n/10 "osa"[]\T1/ptm/m/n/10 , []\T1/zi4/m/n/10 "jaccard"[]\T1/ptm/m/
n/10 , []\T1/zi4/m/n/10 "jw"[]\T1/ptm/m/n/10 , or []\T1/zi4/m/n/10 "ml" []\T1/p
tm/m/n/10 for embedding-based dis-tance. See []\T1/zi4/m/n/10 ?stringdist::stri
ngdist

Overfull \hbox (12.54887pt too wide) in paragraph at lines 449--451
[]\T1/ptm/m/n/10 To use com-bined ma-chine learn-ing and net-work meth-ods, set
 []\T1/zi4/m/n/10 algorithm []\T1/ptm/m/n/10 to []\T1/zi4/m/n/10 "bipartite" []
\T1/ptm/m/n/10 or []\T1/zi4/m/n/10 "markov"[]\T1/ptm/m/n/10 ,
[8] [9]
Overfull \hbox (48.0991pt too wide) in paragraph at lines 577--579
[][][]\T1/zi4/m/n/10 pFuzzyMatch_discrete()[][][] []\T1/ptm/m/n/10 for the high
er-level wrap-per that re-turns merged data, [][][]\T1/zi4/m/n/10 stringdist::s
tringdist()[][][]
[10] [11]
Overfull \hbox (22.24696pt too wide) in paragraph at lines 661--663
[]\T1/ptm/m/n/10 Numeric; the Eu-clidean dis-tance be-tween the matched pair's 
em-bed-dings (named []\T1/zi4/m/n/10 stringdist

Overfull \hbox (38.0991pt too wide) in paragraph at lines 670--672
[][][]\T1/zi4/m/n/10 pFuzzyMatch_euclidean()[][][] []\T1/ptm/m/n/10 for the hig
her-level wrap-per that re-turns merged data, [][][]\T1/zi4/m/n/10 pDistMatch_d
iscrete()[][][]
[12] [13] [14]
Overfull \hbox (40.30823pt too wide) in paragraph at lines 826--829
\T1/ptm/m/n/10 Pairs with dis-tances greater than this thresh-old are ex-cluded
. If []\T1/zi4/m/n/10 AveMatchNumberPerAlias

Overfull \hbox (15.10895pt too wide) in paragraph at lines 838--841
[]\T1/ptm/m/n/10 This func-tion is typ-i-cally used in-ter-nally by [][][]\T1/z
i4/m/n/10 LinkOrgs()[][][] []\T1/ptm/m/n/10 when []\T1/zi4/m/n/10 algorithm = "
ml" []\T1/ptm/m/n/10 or []\T1/zi4/m/n/10 DistanceMeasure
[15] [16]
(/private/var/folders/gv/l5wlstr55gl_g0pgx6k47z9m0000gn/T/RtmpzwsEUx/Rd2pdf2de0
eacbdaf/Rd2.ind [17] [18])
(/private/var/folders/gv/l5wlstr55gl_g0pgx6k47z9m0000gn/T/RtmpzwsEUx/Rd2pdf2de0
eacbdaf/Rd2.aux)

Package rerunfilecheck Warning: File `Rd2.out' has changed.
(rerunfilecheck)                Rerun to get outlines right
(rerunfilecheck)                or use package `bookmark'.

 )
(see the transcript file for additional information)
pdfTeX warning (dest): name{Rfn.data.table::fread\(\)} has been referenced but 
does not exist, replaced by a fixed one


pdfTeX warning (dest): name{Rfn.stringdist::stringdist\(\)} has been referenced
 but does not exist, replaced by a fixed one

</usr/local/texlive/2024/texmf-dist/fonts/type1/public/inconsolata/Inconsolata-
zi4r.pfb></usr/local/texlive/2024/texmf-dist/fonts/type1/urw/times/utmb8a.pfb><
/usr/local/texlive/2024/texmf-dist/fonts/type1/urw/times/utmr8a.pfb></usr/local
/texlive/2024/texmf-dist/fonts/type1/urw/times/utmr8a.pfb></usr/local/texlive/2
024/texmf-dist/fonts/type1/urw/times/utmri8a.pfb>
Output written on Rd2.pdf (18 pages, 123088 bytes).
Transcript written on Rd2.log.
This is makeindex, version 2.17 [TeX Live 2024] (kpathsea + Thai support).
Scanning input file Rd2.idx....done (34 entries accepted, 0 rejected).
Sorting entries....done (205 comparisons).
Generating output file Rd2.ind....done (58 lines written, 0 warnings).
Output written in Rd2.ind.
Transcript written in Rd2.ilg.
This is pdfTeX, Version 3.141592653-2.6-1.40.26 (TeX Live 2024) (preloaded format=pdflatex)
 restricted \write18 enabled.
entering extended mode
LaTeX2e <2023-11-01> patch level 1
L3 programming layer <2024-02-20>
(./Rd2.tex
(/usr/local/texlive/2024/texmf-dist/tex/latex/base/book.cls
Document Class: book 2023/05/17 v1.4n Standard LaTeX document class
(/usr/local/texlive/2024/texmf-dist/tex/latex/base/bk10.clo))
(/Library/Frameworks/R.framework/Resources/share/texmf/tex/latex/Rd.sty
(/usr/local/texlive/2024/texmf-dist/tex/latex/base/ifthen.sty)
(/usr/local/texlive/2024/texmf-dist/tex/generic/iftex/iftex.sty)
(/usr/local/texlive/2024/texmf-dist/tex/latex/tools/longtable.sty)
(/usr/local/texlive/2024/texmf-dist/tex/latex/tools/bm.sty)
(/usr/local/texlive/2024/texmf-dist/tex/latex/base/alltt.sty)
(/usr/local/texlive/2024/texmf-dist/tex/latex/tools/verbatim.sty)
(/usr/local/texlive/2024/texmf-dist/tex/latex/url/url.sty)
(/usr/local/texlive/2024/texmf-dist/tex/latex/base/textcomp.sty)
(/usr/local/texlive/2024/texmf-dist/tex/latex/amsmath/amsmath.sty
For additional information on amsmath, use the `?' option.
(/usr/local/texlive/2024/texmf-dist/tex/latex/amsmath/amstext.sty
(/usr/local/texlive/2024/texmf-dist/tex/latex/amsmath/amsgen.sty))
(/usr/local/texlive/2024/texmf-dist/tex/latex/amsmath/amsbsy.sty)
(/usr/local/texlive/2024/texmf-dist/tex/latex/amsmath/amsopn.sty))
(/usr/local/texlive/2024/texmf-dist/tex/latex/amsfonts/amsfonts.sty)
(/usr/local/texlive/2024/texmf-dist/tex/latex/amsfonts/amssymb.sty)
(/usr/local/texlive/2024/texmf-dist/tex/latex/jknapltx/mathrsfs.sty)
(/usr/local/texlive/2024/texmf-dist/tex/latex/base/fontenc.sty)
(/usr/local/texlive/2024/texmf-dist/tex/latex/psnfss/times.sty)
(/usr/local/texlive/2024/texmf-dist/tex/latex/inconsolata/zi4.sty
`inconsolata-zi4' v1.12, 2019/05/17 Text macros for Inconsolata (msharpe)
(/usr/local/texlive/2024/texmf-dist/tex/latex/xkeyval/xkeyval.sty
(/usr/local/texlive/2024/texmf-dist/tex/generic/xkeyval/xkeyval.tex
(/usr/local/texlive/2024/texmf-dist/tex/generic/xkeyval/xkvutils.tex
(/usr/local/texlive/2024/texmf-dist/tex/generic/xkeyval/keyval.tex)))))
(/usr/local/texlive/2024/texmf-dist/tex/latex/graphics/color.sty
(/usr/local/texlive/2024/texmf-dist/tex/latex/graphics-cfg/color.cfg)
(/usr/local/texlive/2024/texmf-dist/tex/latex/graphics-def/pdftex.def)
(/usr/local/texlive/2024/texmf-dist/tex/latex/graphics/mathcolor.ltx))
(/usr/local/texlive/2024/texmf-dist/tex/latex/hyperref/hyperref.sty
(/usr/local/texlive/2024/texmf-dist/tex/latex/kvsetkeys/kvsetkeys.sty)
(/usr/local/texlive/2024/texmf-dist/tex/generic/kvdefinekeys/kvdefinekeys.sty)
(/usr/local/texlive/2024/texmf-dist/tex/generic/pdfescape/pdfescape.sty
(/usr/local/texlive/2024/texmf-dist/tex/generic/ltxcmds/ltxcmds.sty)
(/usr/local/texlive/2024/texmf-dist/tex/generic/pdftexcmds/pdftexcmds.sty
(/usr/local/texlive/2024/texmf-dist/tex/generic/infwarerr/infwarerr.sty)))
(/usr/local/texlive/2024/texmf-dist/tex/latex/hycolor/hycolor.sty)
(/usr/local/texlive/2024/texmf-dist/tex/latex/auxhook/auxhook.sty)
(/usr/local/texlive/2024/texmf-dist/tex/latex/hyperref/nameref.sty
(/usr/local/texlive/2024/texmf-dist/tex/latex/refcount/refcount.sty)
(/usr/local/texlive/2024/texmf-dist/tex/generic/gettitlestring/gettitlestring.s
ty (/usr/local/texlive/2024/texmf-dist/tex/latex/kvoptions/kvoptions.sty)))
(/usr/local/texlive/2024/texmf-dist/tex/latex/etoolbox/etoolbox.sty)
(/usr/local/texlive/2024/texmf-dist/tex/latex/hyperref/pd1enc.def)
(/usr/local/texlive/2024/texmf-dist/tex/generic/intcalc/intcalc.sty)
(/usr/local/texlive/2024/texmf-dist/tex/latex/hyperref/puenc.def)
(/usr/local/texlive/2024/texmf-dist/tex/generic/bitset/bitset.sty
(/usr/local/texlive/2024/texmf-dist/tex/generic/bigintcalc/bigintcalc.sty))
(/usr/local/texlive/2024/texmf-dist/tex/latex/base/atbegshi-ltx.sty))
(/usr/local/texlive/2024/texmf-dist/tex/latex/hyperref/hpdftex.def
(/usr/local/texlive/2024/texmf-dist/tex/latex/base/atveryend-ltx.sty)
(/usr/local/texlive/2024/texmf-dist/tex/latex/rerunfilecheck/rerunfilecheck.sty

(/usr/local/texlive/2024/texmf-dist/tex/generic/uniquecounter/uniquecounter.sty
)))) (/usr/local/texlive/2024/texmf-dist/tex/latex/base/makeidx.sty)
Writing index file Rd2.idx
(/usr/local/texlive/2024/texmf-dist/tex/latex/psnfss/t1ptm.fd)
(/usr/local/texlive/2024/texmf-dist/tex/latex/l3backend/l3backend-pdftex.def)
(/private/var/folders/gv/l5wlstr55gl_g0pgx6k47z9m0000gn/T/RtmpzwsEUx/Rd2pdf2de0
eacbdaf/Rd2.aux)
(/usr/local/texlive/2024/texmf-dist/tex/context/base/mkii/supp-pdf.mkii
[Loading MPS to PDF converter (version 2006.09.02).]
)
(/private/var/folders/gv/l5wlstr55gl_g0pgx6k47z9m0000gn/T/RtmpzwsEUx/Rd2pdf2de0
eacbdaf/Rd2.out)
(/private/var/folders/gv/l5wlstr55gl_g0pgx6k47z9m0000gn/T/RtmpzwsEUx/Rd2pdf2de0
eacbdaf/Rd2.out)
(/usr/local/texlive/2024/texmf-dist/tex/latex/inconsolata/t1zi4.fd)
(/usr/local/texlive/2024/texmf-dist/tex/latex/amsfonts/umsa.fd)
(/usr/local/texlive/2024/texmf-dist/tex/latex/amsfonts/umsb.fd)
(/usr/local/texlive/2024/texmf-dist/tex/latex/jknapltx/ursfs.fd)
(/private/var/folders/gv/l5wlstr55gl_g0pgx6k47z9m0000gn/T/RtmpzwsEUx/Rd2pdf2de0
eacbdaf/Rd2.toc) [1{/usr/local/texlive/2024/texmf-var/fonts/map/pdftex/updmap/p
dftex.map}{/usr/local/texlive/2024/texmf-dist/fonts/enc/dvips/base/8r.enc}{/usr
/local/texlive/2024/texmf-dist/fonts/enc/dvips/inconsolata/i4-t1-0.enc}]
Overfull \hbox (10.34749pt too wide) in paragraph at lines 70--72
[]\T1/ptm/m/n/10 Data frame con-tain-ing the ground-truth (ref-er-ence) matches
. Must con-tain columns
[2]
Overfull \hbox (28.02806pt too wide) in paragraph at lines 138--140
[]\T1/ptm/m/n/10 Character string; name of the conda en-vi-ron-ment to cre-ate.
 De-fault is []\T1/zi4/m/n/10 "LinkOrgs_env"[]\T1/ptm/m/n/10 . 
(/usr/local/texlive/2024/texmf-dist/tex/latex/psnfss/ts1ptm.fd) [3]
Overfull \hbox (74.37784pt too wide) in paragraph at lines 198--200
[]\T1/ptm/m/n/10 Converts a Drop-box share link to a di-rect down-load URL by r
e-plac-ing the do-main with []\T1/zi4/m/n/10 dl.dropboxusercontent.com[]\T1/ptm
/m/n/10 . 

Overfull \hbox (16.45883pt too wide) in paragraph at lines 210--212
[]\T1/ptm/m/n/10 Character string; a Drop-box share URL (e.g., []\T1/zi4/m/n/10
 "https://www.dropbox.com/s/..."
[4] [5]
Overfull \hbox (18.10841pt too wide) in paragraph at lines 288--290
[]\T1/ptm/m/n/10 The q-gram size for string dis-tance cal-cu-la-tion. Only used
 when []\T1/zi4/m/n/10 mode = "discrete"[]\T1/ptm/m/n/10 .

Overfull \hbox (20.3382pt too wide) in paragraph at lines 295--297
[]\T1/ptm/m/n/10 Number of CPU cores for par-al-lel com-pu-ta-tion. Only used w
hen []\T1/zi4/m/n/10 mode = "discrete"[]\T1/ptm/m/n/10 .
[6]
Overfull \hbox (12.01878pt too wide) in paragraph at lines 355--358
[]\T1/zi4/m/n/10 x []\T1/ptm/m/n/10 and []\T1/zi4/m/n/10 y[]\T1/ptm/m/n/10 . Th
e merg-ing vari-ables should be or-ga-ni-za-tional names. See []\T1/zi4/m/n/10 
?base::merge
(/usr/local/texlive/2024/texmf-dist/tex/latex/inconsolata/ts1zi4.fd)
Overfull \hbox (70.7878pt too wide) in paragraph at lines 393--395
[]\T1/ptm/m/n/10 Numeric; max-i-mum al-lowed dis-tance be-tween two matched str
ings. If []\T1/zi4/m/n/10 AveMatchNumberPerAlias
[7{/usr/local/texlive/2024/texmf-dist/fonts/enc/dvips/inconsolata/i4-ts1.enc}]
Overfull \hbox (73.24963pt too wide) in paragraph at lines 406--409
[]\T1/zi4/m/n/10 "osa"[]\T1/ptm/m/n/10 , []\T1/zi4/m/n/10 "jaccard"[]\T1/ptm/m/
n/10 , []\T1/zi4/m/n/10 "jw"[]\T1/ptm/m/n/10 , or []\T1/zi4/m/n/10 "ml" []\T1/p
tm/m/n/10 for embedding-based dis-tance. See []\T1/zi4/m/n/10 ?stringdist::stri
ngdist

Overfull \hbox (12.54887pt too wide) in paragraph at lines 449--451
[]\T1/ptm/m/n/10 To use com-bined ma-chine learn-ing and net-work meth-ods, set
 []\T1/zi4/m/n/10 algorithm []\T1/ptm/m/n/10 to []\T1/zi4/m/n/10 "bipartite" []
\T1/ptm/m/n/10 or []\T1/zi4/m/n/10 "markov"[]\T1/ptm/m/n/10 ,
[8] [9]
Overfull \hbox (48.0991pt too wide) in paragraph at lines 577--579
[][][]\T1/zi4/m/n/10 pFuzzyMatch_discrete()[][][] []\T1/ptm/m/n/10 for the high
er-level wrap-per that re-turns merged data, [][][]\T1/zi4/m/n/10 stringdist::s
tringdist()[][][]
[10] [11]
Overfull \hbox (22.24696pt too wide) in paragraph at lines 661--663
[]\T1/ptm/m/n/10 Numeric; the Eu-clidean dis-tance be-tween the matched pair's 
em-bed-dings (named []\T1/zi4/m/n/10 stringdist

Overfull \hbox (38.0991pt too wide) in paragraph at lines 670--672
[][][]\T1/zi4/m/n/10 pFuzzyMatch_euclidean()[][][] []\T1/ptm/m/n/10 for the hig
her-level wrap-per that re-turns merged data, [][][]\T1/zi4/m/n/10 pDistMatch_d
iscrete()[][][]
[12] [13] [14]
Overfull \hbox (40.30823pt too wide) in paragraph at lines 826--829
\T1/ptm/m/n/10 Pairs with dis-tances greater than this thresh-old are ex-cluded
. If []\T1/zi4/m/n/10 AveMatchNumberPerAlias

Overfull \hbox (15.10895pt too wide) in paragraph at lines 838--841
[]\T1/ptm/m/n/10 This func-tion is typ-i-cally used in-ter-nally by [][][]\T1/z
i4/m/n/10 LinkOrgs()[][][] []\T1/ptm/m/n/10 when []\T1/zi4/m/n/10 algorithm = "
ml" []\T1/ptm/m/n/10 or []\T1/zi4/m/n/10 DistanceMeasure
[15] [16]
(/private/var/folders/gv/l5wlstr55gl_g0pgx6k47z9m0000gn/T/RtmpzwsEUx/Rd2pdf2de0
eacbdaf/Rd2.ind [17] [18])
(/private/var/folders/gv/l5wlstr55gl_g0pgx6k47z9m0000gn/T/RtmpzwsEUx/Rd2pdf2de0
eacbdaf/Rd2.aux) )
(see the transcript file for additional information)
pdfTeX warning (dest): name{Rfn.data.table::fread\(\)} has been referenced but 
does not exist, replaced by a fixed one


pdfTeX warning (dest): name{Rfn.stringdist::stringdist\(\)} has been referenced
 but does not exist, replaced by a fixed one

</usr/local/texlive/2024/texmf-dist/fonts/type1/public/inconsolata/Inconsolata-
zi4r.pfb></usr/local/texlive/2024/texmf-dist/fonts/type1/urw/times/utmb8a.pfb><
/usr/local/texlive/2024/texmf-dist/fonts/type1/urw/times/utmr8a.pfb></usr/local
/texlive/2024/texmf-dist/fonts/type1/urw/times/utmr8a.pfb></usr/local/texlive/2
024/texmf-dist/fonts/type1/urw/times/utmri8a.pfb>
Output written on Rd2.pdf (18 pages, 123820 bytes).
Transcript written on Rd2.log.
Saving output to ‘LinkOrgs-manual.pdf’ ...
Done
You may want to clean up by 'rm -Rf /var/folders/gv/l5wlstr55gl_g0pgx6k47z9m0000gn/T//RtmpzwsEUx/Rd2pdf2de0eacbdaf'
